<?xml version="1.0" encoding="UTF-8"?>
<testng-results ignored="0" total="1" passed="1" failed="0" skipped="0">
  <reporter-output>
  </reporter-output>
  <suite started-at="2024-10-09T01:09:15 IST" name="Default suite" finished-at="2024-10-09T01:09:20 IST" duration-ms="4834">
    <groups>
      <group name="cucumber">
        <method signature="AbstractTestNGCucumberTests.runScenario(io.cucumber.testng.PickleWrapper,io.cucumber.testng.FeatureWrapper)[pri:0, instance:runners.TestRunner@773cbf4f]" name="runScenario" class="io.cucumber.testng.AbstractTestNGCucumberTests"/>
      </group> <!-- cucumber -->
    </groups>
    <test started-at="2024-10-09T01:09:15 IST" name="Default test" finished-at="2024-10-09T01:09:20 IST" duration-ms="4834">
      <class name="runners.TestRunner">
        <test-method is-config="true" signature="setUpClass(org.testng.ITestContext)[pri:0, instance:runners.TestRunner@773cbf4f]" started-at="2024-10-09T01:09:15 IST" name="setUpClass" finished-at="2024-10-09T01:09:16 IST" duration-ms="854" status="PASS">
          <params>
            <param index="0">
              <value>
                <![CDATA[org.testng.TestRunner@41bb1f09]]>
              </value>
            </param>
          </params>
          <reporter-output>
          </reporter-output>
        </test-method> <!-- setUpClass -->
        <test-method signature="runScenario(io.cucumber.testng.PickleWrapper,io.cucumber.testng.FeatureWrapper)[pri:0, instance:runners.TestRunner@773cbf4f]" started-at="2024-10-09T01:09:16 IST" name="runScenario" description="Runs Cucumber Scenarios" data-provider="scenarios" finished-at="2024-10-09T01:09:20 IST" duration-ms="3815" status="PASS">
          <params>
            <param index="0">
              <value>
                <![CDATA["All the users of City `FanCode` should have more than half of their todos task completed."]]>
              </value>
            </param>
            <param index="1">
              <value>
                <![CDATA["User Login Feature"]]>
              </value>
            </param>
          </params>
          <reporter-output>
          </reporter-output>
        </test-method> <!-- runScenario -->
        <test-method is-config="true" signature="tearDownClass()[pri:0, instance:runners.TestRunner@773cbf4f]" started-at="2024-10-09T01:09:20 IST" name="tearDownClass" finished-at="2024-10-09T01:09:20 IST" duration-ms="70" status="PASS">
          <reporter-output>
          </reporter-output>
        </test-method> <!-- tearDownClass -->
      </class> <!-- runners.TestRunner -->
    </test> <!-- Default test -->
  </suite> <!-- Default suite -->
</testng-results>
